running egg_info
creating ../../build/Laboratorio_2/Laboratorio_2.egg-info
writing ../../build/Laboratorio_2/Laboratorio_2.egg-info/PKG-INFO
writing dependency_links to ../../build/Laboratorio_2/Laboratorio_2.egg-info/dependency_links.txt
writing entry points to ../../build/Laboratorio_2/Laboratorio_2.egg-info/entry_points.txt
writing requirements to ../../build/Laboratorio_2/Laboratorio_2.egg-info/requires.txt
writing top-level names to ../../build/Laboratorio_2/Laboratorio_2.egg-info/top_level.txt
writing manifest file '../../build/Laboratorio_2/Laboratorio_2.egg-info/SOURCES.txt'
reading manifest file '../../build/Laboratorio_2/Laboratorio_2.egg-info/SOURCES.txt'
writing manifest file '../../build/Laboratorio_2/Laboratorio_2.egg-info/SOURCES.txt'
running build
running build_py
creating /home/giacomo/Desktop/scoperta_ws/build/Laboratorio_2/build
creating /home/giacomo/Desktop/scoperta_ws/build/Laboratorio_2/build/lib
creating /home/giacomo/Desktop/scoperta_ws/build/Laboratorio_2/build/lib/Laboratorio_2
copying Laboratorio_2/main.py -> /home/giacomo/Desktop/scoperta_ws/build/Laboratorio_2/build/lib/Laboratorio_2
copying Laboratorio_2/__init__.py -> /home/giacomo/Desktop/scoperta_ws/build/Laboratorio_2/build/lib/Laboratorio_2
running install
running install_lib
creating /home/giacomo/Desktop/scoperta_ws/install/Laboratorio_2/lib/python3.10/site-packages/Laboratorio_2
copying /home/giacomo/Desktop/scoperta_ws/build/Laboratorio_2/build/lib/Laboratorio_2/main.py -> /home/giacomo/Desktop/scoperta_ws/install/Laboratorio_2/lib/python3.10/site-packages/Laboratorio_2
copying /home/giacomo/Desktop/scoperta_ws/build/Laboratorio_2/build/lib/Laboratorio_2/__init__.py -> /home/giacomo/Desktop/scoperta_ws/install/Laboratorio_2/lib/python3.10/site-packages/Laboratorio_2
byte-compiling /home/giacomo/Desktop/scoperta_ws/install/Laboratorio_2/lib/python3.10/site-packages/Laboratorio_2/main.py to main.cpython-310.pyc
byte-compiling /home/giacomo/Desktop/scoperta_ws/install/Laboratorio_2/lib/python3.10/site-packages/Laboratorio_2/__init__.py to __init__.cpython-310.pyc
running install_data
creating /home/giacomo/Desktop/scoperta_ws/install/Laboratorio_2/share/ament_index
creating /home/giacomo/Desktop/scoperta_ws/install/Laboratorio_2/share/ament_index/resource_index
creating /home/giacomo/Desktop/scoperta_ws/install/Laboratorio_2/share/ament_index/resource_index/packages
copying resource/Laboratorio_2 -> /home/giacomo/Desktop/scoperta_ws/install/Laboratorio_2/share/ament_index/resource_index/packages
copying package.xml -> /home/giacomo/Desktop/scoperta_ws/install/Laboratorio_2/share/Laboratorio_2
running install_egg_info
Copying ../../build/Laboratorio_2/Laboratorio_2.egg-info to /home/giacomo/Desktop/scoperta_ws/install/Laboratorio_2/lib/python3.10/site-packages/Laboratorio_2-0.0.0-py3.10.egg-info
running install_scripts
Installing lab_2_es1_runner script to /home/giacomo/Desktop/scoperta_ws/install/Laboratorio_2/lib/Laboratorio_2
writing list of installed files to '/home/giacomo/Desktop/scoperta_ws/build/Laboratorio_2/install.log'
