[0.962s] Invoking command in '/home/giacomo/Desktop/scoperta_ws/src/Laboratorio_2_es2': PYTHONPATH=/home/giacomo/Desktop/scoperta_ws/build/Laboratorio_2_es2/prefix_override:/usr/lib/python3/dist-packages/colcon_core/task/python/colcon_distutils_commands:/home/giacomo/Desktop/scoperta_ws/install/Laboratorio_2_es2/lib/python3.10/site-packages: /usr/bin/python3 -W ignore:setup.py install is deprecated -W ignore:easy_install command is deprecated setup.py egg_info --egg-base ../../build/Laboratorio_2_es2 build --build-base /home/giacomo/Desktop/scoperta_ws/build/Laboratorio_2_es2/build install --record /home/giacomo/Desktop/scoperta_ws/build/Laboratorio_2_es2/install.log --single-version-externally-managed install_data
[1.113s] running egg_info
[1.113s] creating ../../build/Laboratorio_2_es2/Laboratorio_2_es2.egg-info
[1.114s] writing ../../build/Laboratorio_2_es2/Laboratorio_2_es2.egg-info/PKG-INFO
[1.114s] writing dependency_links to ../../build/Laboratorio_2_es2/Laboratorio_2_es2.egg-info/dependency_links.txt
[1.114s] writing entry points to ../../build/Laboratorio_2_es2/Laboratorio_2_es2.egg-info/entry_points.txt
[1.114s] writing requirements to ../../build/Laboratorio_2_es2/Laboratorio_2_es2.egg-info/requires.txt
[1.114s] writing top-level names to ../../build/Laboratorio_2_es2/Laboratorio_2_es2.egg-info/top_level.txt
[1.114s] writing manifest file '../../build/Laboratorio_2_es2/Laboratorio_2_es2.egg-info/SOURCES.txt'
[1.114s] reading manifest file '../../build/Laboratorio_2_es2/Laboratorio_2_es2.egg-info/SOURCES.txt'
[1.117s] writing manifest file '../../build/Laboratorio_2_es2/Laboratorio_2_es2.egg-info/SOURCES.txt'
[1.117s] running build
[1.117s] running build_py
[1.117s] creating /home/giacomo/Desktop/scoperta_ws/build/Laboratorio_2_es2/build
[1.117s] creating /home/giacomo/Desktop/scoperta_ws/build/Laboratorio_2_es2/build/lib
[1.117s] creating /home/giacomo/Desktop/scoperta_ws/build/Laboratorio_2_es2/build/lib/Laboratorio_2_es2
[1.117s] copying Laboratorio_2_es2/main.py -> /home/giacomo/Desktop/scoperta_ws/build/Laboratorio_2_es2/build/lib/Laboratorio_2_es2
[1.118s] copying Laboratorio_2_es2/__init__.py -> /home/giacomo/Desktop/scoperta_ws/build/Laboratorio_2_es2/build/lib/Laboratorio_2_es2
[1.118s] running install
[1.126s] running install_lib
[1.126s] creating /home/giacomo/Desktop/scoperta_ws/install/Laboratorio_2_es2/lib/python3.10/site-packages/Laboratorio_2_es2
[1.126s] copying /home/giacomo/Desktop/scoperta_ws/build/Laboratorio_2_es2/build/lib/Laboratorio_2_es2/main.py -> /home/giacomo/Desktop/scoperta_ws/install/Laboratorio_2_es2/lib/python3.10/site-packages/Laboratorio_2_es2
[1.126s] copying /home/giacomo/Desktop/scoperta_ws/build/Laboratorio_2_es2/build/lib/Laboratorio_2_es2/__init__.py -> /home/giacomo/Desktop/scoperta_ws/install/Laboratorio_2_es2/lib/python3.10/site-packages/Laboratorio_2_es2
[1.126s] byte-compiling /home/giacomo/Desktop/scoperta_ws/install/Laboratorio_2_es2/lib/python3.10/site-packages/Laboratorio_2_es2/main.py to main.cpython-310.pyc
[1.128s] byte-compiling /home/giacomo/Desktop/scoperta_ws/install/Laboratorio_2_es2/lib/python3.10/site-packages/Laboratorio_2_es2/__init__.py to __init__.cpython-310.pyc
[1.128s] running install_data
[1.128s] creating /home/giacomo/Desktop/scoperta_ws/install/Laboratorio_2_es2/share/ament_index
[1.128s] creating /home/giacomo/Desktop/scoperta_ws/install/Laboratorio_2_es2/share/ament_index/resource_index
[1.129s] creating /home/giacomo/Desktop/scoperta_ws/install/Laboratorio_2_es2/share/ament_index/resource_index/packages
[1.129s] copying resource/Laboratorio_2_es2 -> /home/giacomo/Desktop/scoperta_ws/install/Laboratorio_2_es2/share/ament_index/resource_index/packages
[1.129s] copying package.xml -> /home/giacomo/Desktop/scoperta_ws/install/Laboratorio_2_es2/share/Laboratorio_2_es2
[1.129s] running install_egg_info
[1.153s] Copying ../../build/Laboratorio_2_es2/Laboratorio_2_es2.egg-info to /home/giacomo/Desktop/scoperta_ws/install/Laboratorio_2_es2/lib/python3.10/site-packages/Laboratorio_2_es2-0.0.0-py3.10.egg-info
[1.153s] running install_scripts
[1.187s] Installing lab_2_es2_runner script to /home/giacomo/Desktop/scoperta_ws/install/Laboratorio_2_es2/lib/Laboratorio_2_es2
[1.189s] writing list of installed files to '/home/giacomo/Desktop/scoperta_ws/build/Laboratorio_2_es2/install.log'
[1.235s] Invoked command in '/home/giacomo/Desktop/scoperta_ws/src/Laboratorio_2_es2' returned '0': PYTHONPATH=/home/giacomo/Desktop/scoperta_ws/build/Laboratorio_2_es2/prefix_override:/usr/lib/python3/dist-packages/colcon_core/task/python/colcon_distutils_commands:/home/giacomo/Desktop/scoperta_ws/install/Laboratorio_2_es2/lib/python3.10/site-packages: /usr/bin/python3 -W ignore:setup.py install is deprecated -W ignore:easy_install command is deprecated setup.py egg_info --egg-base ../../build/Laboratorio_2_es2 build --build-base /home/giacomo/Desktop/scoperta_ws/build/Laboratorio_2_es2/build install --record /home/giacomo/Desktop/scoperta_ws/build/Laboratorio_2_es2/install.log --single-version-externally-managed install_data
