running egg_info
creating ../../build/Laboratorio_4/Laboratorio_4.egg-info
writing ../../build/Laboratorio_4/Laboratorio_4.egg-info/PKG-INFO
writing dependency_links to ../../build/Laboratorio_4/Laboratorio_4.egg-info/dependency_links.txt
writing entry points to ../../build/Laboratorio_4/Laboratorio_4.egg-info/entry_points.txt
writing requirements to ../../build/Laboratorio_4/Laboratorio_4.egg-info/requires.txt
writing top-level names to ../../build/Laboratorio_4/Laboratorio_4.egg-info/top_level.txt
writing manifest file '../../build/Laboratorio_4/Laboratorio_4.egg-info/SOURCES.txt'
reading manifest file '../../build/Laboratorio_4/Laboratorio_4.egg-info/SOURCES.txt'
writing manifest file '../../build/Laboratorio_4/Laboratorio_4.egg-info/SOURCES.txt'
running build
running build_py
creating /home/giacomo/Desktop/scoperta_ws/build/Laboratorio_4/build
creating /home/giacomo/Desktop/scoperta_ws/build/Laboratorio_4/build/lib
creating /home/giacomo/Desktop/scoperta_ws/build/Laboratorio_4/build/lib/Laboratorio_4
copying Laboratorio_4/main.py -> /home/giacomo/Desktop/scoperta_ws/build/Laboratorio_4/build/lib/Laboratorio_4
copying Laboratorio_4/__init__.py -> /home/giacomo/Desktop/scoperta_ws/build/Laboratorio_4/build/lib/Laboratorio_4
running install
running install_lib
creating /home/giacomo/Desktop/scoperta_ws/install/Laboratorio_4/lib/python3.10/site-packages/Laboratorio_4
copying /home/giacomo/Desktop/scoperta_ws/build/Laboratorio_4/build/lib/Laboratorio_4/main.py -> /home/giacomo/Desktop/scoperta_ws/install/Laboratorio_4/lib/python3.10/site-packages/Laboratorio_4
copying /home/giacomo/Desktop/scoperta_ws/build/Laboratorio_4/build/lib/Laboratorio_4/__init__.py -> /home/giacomo/Desktop/scoperta_ws/install/Laboratorio_4/lib/python3.10/site-packages/Laboratorio_4
byte-compiling /home/giacomo/Desktop/scoperta_ws/install/Laboratorio_4/lib/python3.10/site-packages/Laboratorio_4/main.py to main.cpython-310.pyc
byte-compiling /home/giacomo/Desktop/scoperta_ws/install/Laboratorio_4/lib/python3.10/site-packages/Laboratorio_4/__init__.py to __init__.cpython-310.pyc
running install_data
creating /home/giacomo/Desktop/scoperta_ws/install/Laboratorio_4/share/ament_index
creating /home/giacomo/Desktop/scoperta_ws/install/Laboratorio_4/share/ament_index/resource_index
creating /home/giacomo/Desktop/scoperta_ws/install/Laboratorio_4/share/ament_index/resource_index/packages
copying resource/Laboratorio_4 -> /home/giacomo/Desktop/scoperta_ws/install/Laboratorio_4/share/ament_index/resource_index/packages
copying package.xml -> /home/giacomo/Desktop/scoperta_ws/install/Laboratorio_4/share/Laboratorio_4
running install_egg_info
Copying ../../build/Laboratorio_4/Laboratorio_4.egg-info to /home/giacomo/Desktop/scoperta_ws/install/Laboratorio_4/lib/python3.10/site-packages/Laboratorio_4-0.0.0-py3.10.egg-info
running install_scripts
Installing lab_4_runner script to /home/giacomo/Desktop/scoperta_ws/install/Laboratorio_4/lib/Laboratorio_4
writing list of installed files to '/home/giacomo/Desktop/scoperta_ws/build/Laboratorio_4/install.log'
