[0.870s] Invoking command in '/home/giacomo/Desktop/scoperta_ws/src/Laboratorio_4': PYTHONPATH=/home/giacomo/Desktop/scoperta_ws/build/Laboratorio_4/prefix_override:/usr/lib/python3/dist-packages/colcon_core/task/python/colcon_distutils_commands:/home/giacomo/Desktop/scoperta_ws/install/Laboratorio_4/lib/python3.10/site-packages: /usr/bin/python3 -W ignore:setup.py install is deprecated -W ignore:easy_install command is deprecated setup.py egg_info --egg-base ../../build/Laboratorio_4 build --build-base /home/giacomo/Desktop/scoperta_ws/build/Laboratorio_4/build install --record /home/giacomo/Desktop/scoperta_ws/build/Laboratorio_4/install.log --single-version-externally-managed install_data
[1.026s] running egg_info
[1.026s] creating ../../build/Laboratorio_4/Laboratorio_4.egg-info
[1.030s] writing ../../build/Laboratorio_4/Laboratorio_4.egg-info/PKG-INFO
[1.030s] writing dependency_links to ../../build/Laboratorio_4/Laboratorio_4.egg-info/dependency_links.txt
[1.030s] writing entry points to ../../build/Laboratorio_4/Laboratorio_4.egg-info/entry_points.txt
[1.031s] writing requirements to ../../build/Laboratorio_4/Laboratorio_4.egg-info/requires.txt
[1.031s] writing top-level names to ../../build/Laboratorio_4/Laboratorio_4.egg-info/top_level.txt
[1.032s] writing manifest file '../../build/Laboratorio_4/Laboratorio_4.egg-info/SOURCES.txt'
[1.033s] reading manifest file '../../build/Laboratorio_4/Laboratorio_4.egg-info/SOURCES.txt'
[1.033s] writing manifest file '../../build/Laboratorio_4/Laboratorio_4.egg-info/SOURCES.txt'
[1.033s] running build
[1.033s] running build_py
[1.033s] creating /home/giacomo/Desktop/scoperta_ws/build/Laboratorio_4/build
[1.033s] creating /home/giacomo/Desktop/scoperta_ws/build/Laboratorio_4/build/lib
[1.033s] creating /home/giacomo/Desktop/scoperta_ws/build/Laboratorio_4/build/lib/Laboratorio_4
[1.033s] copying Laboratorio_4/main.py -> /home/giacomo/Desktop/scoperta_ws/build/Laboratorio_4/build/lib/Laboratorio_4
[1.033s] copying Laboratorio_4/__init__.py -> /home/giacomo/Desktop/scoperta_ws/build/Laboratorio_4/build/lib/Laboratorio_4
[1.033s] running install
[1.033s] running install_lib
[1.033s] creating /home/giacomo/Desktop/scoperta_ws/install/Laboratorio_4/lib/python3.10/site-packages/Laboratorio_4
[1.033s] copying /home/giacomo/Desktop/scoperta_ws/build/Laboratorio_4/build/lib/Laboratorio_4/main.py -> /home/giacomo/Desktop/scoperta_ws/install/Laboratorio_4/lib/python3.10/site-packages/Laboratorio_4
[1.033s] copying /home/giacomo/Desktop/scoperta_ws/build/Laboratorio_4/build/lib/Laboratorio_4/__init__.py -> /home/giacomo/Desktop/scoperta_ws/install/Laboratorio_4/lib/python3.10/site-packages/Laboratorio_4
[1.033s] byte-compiling /home/giacomo/Desktop/scoperta_ws/install/Laboratorio_4/lib/python3.10/site-packages/Laboratorio_4/main.py to main.cpython-310.pyc
[1.036s] byte-compiling /home/giacomo/Desktop/scoperta_ws/install/Laboratorio_4/lib/python3.10/site-packages/Laboratorio_4/__init__.py to __init__.cpython-310.pyc
[1.037s] running install_data
[1.037s] creating /home/giacomo/Desktop/scoperta_ws/install/Laboratorio_4/share/ament_index
[1.037s] creating /home/giacomo/Desktop/scoperta_ws/install/Laboratorio_4/share/ament_index/resource_index
[1.037s] creating /home/giacomo/Desktop/scoperta_ws/install/Laboratorio_4/share/ament_index/resource_index/packages
[1.038s] copying resource/Laboratorio_4 -> /home/giacomo/Desktop/scoperta_ws/install/Laboratorio_4/share/ament_index/resource_index/packages
[1.038s] copying package.xml -> /home/giacomo/Desktop/scoperta_ws/install/Laboratorio_4/share/Laboratorio_4
[1.038s] running install_egg_info
[1.053s] Copying ../../build/Laboratorio_4/Laboratorio_4.egg-info to /home/giacomo/Desktop/scoperta_ws/install/Laboratorio_4/lib/python3.10/site-packages/Laboratorio_4-0.0.0-py3.10.egg-info
[1.055s] running install_scripts
[1.081s] Installing lab_4_runner script to /home/giacomo/Desktop/scoperta_ws/install/Laboratorio_4/lib/Laboratorio_4
[1.081s] writing list of installed files to '/home/giacomo/Desktop/scoperta_ws/build/Laboratorio_4/install.log'
[1.103s] Invoked command in '/home/giacomo/Desktop/scoperta_ws/src/Laboratorio_4' returned '0': PYTHONPATH=/home/giacomo/Desktop/scoperta_ws/build/Laboratorio_4/prefix_override:/usr/lib/python3/dist-packages/colcon_core/task/python/colcon_distutils_commands:/home/giacomo/Desktop/scoperta_ws/install/Laboratorio_4/lib/python3.10/site-packages: /usr/bin/python3 -W ignore:setup.py install is deprecated -W ignore:easy_install command is deprecated setup.py egg_info --egg-base ../../build/Laboratorio_4 build --build-base /home/giacomo/Desktop/scoperta_ws/build/Laboratorio_4/build install --record /home/giacomo/Desktop/scoperta_ws/build/Laboratorio_4/install.log --single-version-externally-managed install_data
